<?xml version="1.0" encoding="UTF-8"?>
<!-- Generated by org.testng.reporters.JUnitReportReporter -->
<testsuite hostname="DESKTOP-2L9NM0M" failures="0" tests="1" name="regressionscripts.Myntra" time="31.968" errors="0" timestamp="2021-02-17T17:38:13 IST" skipped="0">
  <testcase classname="regressionscripts.Myntra" name="buyMyntaProduct" time="31.968"/>
  <system-out>
Element found Element found Element found Element found  </system-out>
</testsuite> <!-- regressionscripts.Myntra -->
